<?xml version="1.0" encoding="UTF-8"?>
<!-- Generated by org.testng.reporters.JUnitXMLReporter -->
<testsuite ignored="0" hostname="RT-LT-385" failures="0" tests="3" name="Test" time="55.578" errors="0" timestamp="2024-08-06T09:05:36 PKT">
  <testcase classname="com.respondio.tests.LoginTest" name="testInvalidLogin" time="6.694"/>
  <testcase classname="com.respondio.tests.LoginTest" name="testValidLogin" time="6.283"/>
  <testcase classname="com.respondio.tests.AddUserTest" name="testAddUser" time="4.315"/>
</testsuite> <!-- Test -->
