<?xml version="1.0" encoding="UTF-8"?>
<testng-results ignored="0" total="3" passed="3" failed="0" skipped="0">
  <reporter-output>
  </reporter-output>
  <suite started-at="2024-08-06T09:04:40 PKT" name="Suite" finished-at="2024-08-06T09:05:36 PKT" duration-ms="55578">
    <groups>
    </groups>
    <test started-at="2024-08-06T09:04:40 PKT" name="Test" finished-at="2024-08-06T09:05:36 PKT" duration-ms="55578">
      <class name="com.respondio.tests.AddUserTest">
        <test-method is-config="true" signature="setup()[pri:0, instance:com.respondio.tests.AddUserTest@5e5d171f]" started-at="2024-08-06T09:05:11 PKT" name="setup" finished-at="2024-08-06T09:05:31 PKT" duration-ms="20046" status="PASS">
          <reporter-output>
          </reporter-output>
        </test-method> <!-- setup -->
        <test-method signature="testAddUser()[pri:3, instance:com.respondio.tests.AddUserTest@5e5d171f]" started-at="2024-08-06T09:05:31 PKT" name="testAddUser" finished-at="2024-08-06T09:05:35 PKT" duration-ms="4315" status="PASS">
          <reporter-output>
          </reporter-output>
        </test-method> <!-- testAddUser -->
        <test-method is-config="true" signature="teardown()[pri:0, instance:com.respondio.tests.AddUserTest@5e5d171f]" started-at="2024-08-06T09:05:35 PKT" name="teardown" finished-at="2024-08-06T09:05:36 PKT" duration-ms="997" status="PASS">
          <reporter-output>
          </reporter-output>
        </test-method> <!-- teardown -->
      </class> <!-- com.respondio.tests.AddUserTest -->
      <class name="com.respondio.tests.LoginTest">
        <test-method is-config="true" signature="setup()[pri:0, instance:com.respondio.tests.LoginTest@2f4948e4]" started-at="2024-08-06T09:04:40 PKT" name="setup" finished-at="2024-08-06T09:04:48 PKT" duration-ms="8065" status="PASS">
          <reporter-output>
          </reporter-output>
        </test-method> <!-- setup -->
        <test-method signature="testInvalidLogin()[pri:1, instance:com.respondio.tests.LoginTest@2f4948e4]" started-at="2024-08-06T09:04:48 PKT" name="testInvalidLogin" finished-at="2024-08-06T09:04:55 PKT" duration-ms="6694" status="PASS">
          <reporter-output>
          </reporter-output>
        </test-method> <!-- testInvalidLogin -->
        <test-method is-config="true" signature="teardown()[pri:0, instance:com.respondio.tests.LoginTest@2f4948e4]" started-at="2024-08-06T09:04:55 PKT" name="teardown" finished-at="2024-08-06T09:04:56 PKT" duration-ms="1181" status="PASS">
          <reporter-output>
          </reporter-output>
        </test-method> <!-- teardown -->
        <test-method is-config="true" signature="setup()[pri:0, instance:com.respondio.tests.LoginTest@2f4948e4]" started-at="2024-08-06T09:04:56 PKT" name="setup" finished-at="2024-08-06T09:05:03 PKT" duration-ms="7024" status="PASS">
          <reporter-output>
          </reporter-output>
        </test-method> <!-- setup -->
        <test-method signature="testValidLogin()[pri:2, instance:com.respondio.tests.LoginTest@2f4948e4]" started-at="2024-08-06T09:05:03 PKT" name="testValidLogin" finished-at="2024-08-06T09:05:10 PKT" duration-ms="6283" status="PASS">
          <reporter-output>
          </reporter-output>
        </test-method> <!-- testValidLogin -->
        <test-method is-config="true" signature="teardown()[pri:0, instance:com.respondio.tests.LoginTest@2f4948e4]" started-at="2024-08-06T09:05:10 PKT" name="teardown" finished-at="2024-08-06T09:05:11 PKT" duration-ms="934" status="PASS">
          <reporter-output>
          </reporter-output>
        </test-method> <!-- teardown -->
      </class> <!-- com.respondio.tests.LoginTest -->
    </test> <!-- Test -->
  </suite> <!-- Suite -->
</testng-results>
